Build started 25.04.2016 16:02:56.
     1>Project "C:\Users\Rony\documents\visual studio 2015\Projects\ZenGarden\ZenGarden\ZenGarden.vcxproj" on node 2 (Build target(s)).
     1>ClCompile:
         C:\Program Files (x86)\Microsoft Visual Studio 14.0\VC\bin\CL.exe /c /ZI /nologo /W3 /WX- /Od /Oy- /D WIN32 /D _DEBUG /D _CONSOLE /D _UNICODE /D UNICODE /Gm /EHsc /RTC1 /MDd /GS /fp:precise /Zc:wchar_t /Zc:forScope /Zc:inline /Fo"Debug\\" /Fd"Debug\vc140.pdb" /Gd /TP /analyze- /errorReport:prompt Main.cpp Map.cpp
         Map.cpp
         Main.cpp
     1>c:\users\rony\documents\visual studio 2015\projects\zengarden\zengarden\main.cpp(11): warning C4244: 'argument': conversion from 'time_t' to 'unsigned int', possible loss of data
     1>c:\users\rony\documents\visual studio 2015\projects\zengarden\zengarden\main.cpp(46): warning C4018: '<': signed/unsigned mismatch
     1>c:\users\rony\documents\visual studio 2015\projects\zengarden\zengarden\main.cpp(50): warning C4018: '<': signed/unsigned mismatch
     1>c:\users\rony\documents\visual studio 2015\projects\zengarden\zengarden\main.cpp(80): warning C4018: '<': signed/unsigned mismatch
     1>c:\users\rony\documents\visual studio 2015\projects\zengarden\zengarden\main.cpp(84): warning C4018: '<': signed/unsigned mismatch
     1>c:\users\rony\documents\visual studio 2015\projects\zengarden\zengarden\main.cpp(130): warning C4018: '<': signed/unsigned mismatch
     1>c:\users\rony\documents\visual studio 2015\projects\zengarden\zengarden\main.cpp(136): warning C4018: '<': signed/unsigned mismatch
     1>c:\users\rony\documents\visual studio 2015\projects\zengarden\zengarden\main.cpp(173): warning C4018: '<': signed/unsigned mismatch
     1>c:\users\rony\documents\visual studio 2015\projects\zengarden\zengarden\main.cpp(177): warning C4018: '<': signed/unsigned mismatch
     1>c:\users\rony\documents\visual studio 2015\projects\zengarden\zengarden\main.cpp(10): warning C4101: 'mutation_chance': unreferenced local variable
         Generating Code...
       Link:
         C:\Program Files (x86)\Microsoft Visual Studio 14.0\VC\bin\link.exe /ERRORREPORT:PROMPT /OUT:"C:\Users\Rony\documents\visual studio 2015\Projects\ZenGarden\Debug\ZenGarden.exe" /INCREMENTAL /NOLOGO kernel32.lib user32.lib gdi32.lib winspool.lib comdlg32.lib advapi32.lib shell32.lib ole32.lib oleaut32.lib uuid.lib odbc32.lib odbccp32.lib /MANIFEST /MANIFESTUAC:"level='asInvoker' uiAccess='false'" /manifest:embed /Debug /PDB:"C:\Users\Rony\documents\visual studio 2015\Projects\ZenGarden\Debug\ZenGarden.pdb" /SUBSYSTEM:CONSOLE /TLBID:1 /DYNAMICBASE /NXCOMPAT /IMPLIB:"C:\Users\Rony\documents\visual studio 2015\Projects\ZenGarden\Debug\ZenGarden.lib" /MACHINE:X86 Debug\Generation.obj
         Debug\Main.obj
         Debug\Map.obj
         Debug\Monk.obj
         ZenGarden.vcxproj -> C:\Users\Rony\documents\visual studio 2015\Projects\ZenGarden\Debug\ZenGarden.exe
     1>Done Building Project "C:\Users\Rony\documents\visual studio 2015\Projects\ZenGarden\ZenGarden\ZenGarden.vcxproj" (Build target(s)).

Build succeeded.

Time Elapsed 00:00:05.47
